<?xml version="1.0" encoding="UTF-8"?>
<testsuite name="Add two numbers on dneonline service" tests="1" skipped="0" failures="0" errors="0" timestamp="2020-06-09T17:54:04" hostname="LAPTOP-U0LFOLUR" time="6.176">
  <properties/>
  <testcase name="Add two numbers" classname="Add two numbers on dneonline service" time="6.176"/>
  <system-out><![CDATA[]]></system-out>
  <system-err><![CDATA[[Test worker] INFO net.thucydides.core.steps.ConsoleLoggingListener - 
        __    _____ _____ ____ _____   ____   _    ____  ____  _____ ____  
  _     \ \  |_   _| ____/ ___|_   _| |  _ \ / \  / ___|/ ___|| ____|  _ \ 
 (_)_____| |   | | |  _| \___ \ | |   | |_) / _ \ \___ \\___ \|  _| | | | |
  _|_____| |   | | | |___ ___) || |   |  __/ ___ \ ___) |___) | |___| |_| |
 (_)     | |   |_| |_____|____/ |_|   |_| /_/   \_\____/|____/|_____|____/ 
        /_/                                                                

TEST PASSED: Add two numbers
----------------------------------------------------------------------------
]]></system-err>
</testsuite>
