<?xml version="1.0" encoding="UTF-8"?>
<testsuite name="Create a user on Regres.in" tests="1" skipped="0" failures="0" errors="0" timestamp="2020-06-04T21:32:04" hostname="LAPTOP-U0LFOLUR" time="8.529">
  <properties/>
  <testcase name="User creation" classname="Create a user on Regres.in" time="8.529"/>
  <system-out><![CDATA[]]></system-out>
  <system-err><![CDATA[[Test worker] WARN net.thucydides.core.steps.BaseStepListener - stepStarted: net.thucydides.core.steps.ExecutedStepDescription@6f25dd44
[Test worker] WARN net.thucydides.core.steps.BaseStepListener - stepStarted: net.thucydides.core.steps.ExecutedStepDescription@61bd4d9e
[Test worker] WARN net.thucydides.core.steps.BaseStepListener - stepStarted: net.thucydides.core.steps.ExecutedStepDescription@c75b710
[Test worker] WARN net.thucydides.core.steps.BaseStepListener - stepStarted: net.thucydides.core.steps.ExecutedStepDescription@22b74f21
[Test worker] WARN net.thucydides.core.steps.BaseStepListener - stepStarted: net.thucydides.core.steps.ExecutedStepDescription@53c5b56e
[Test worker] WARN net.thucydides.core.steps.BaseStepListener - stepFinished: current outcome:User creation:When you create a user
| name | job |
| Victor | java | [Victor create user rest [Victor with post [Victor executes a POST on the resource /api/users [POST https://reqres.in/api/users]]]]
[Test worker] WARN net.thucydides.core.steps.BaseStepListener - stepFinished: current outcome:User creation:When you create a user
| name | job |
| Victor | java | [Victor create user rest [Victor with post [Victor executes a POST on the resource /api/users [POST https://reqres.in/api/users]]]]
[Test worker] WARN net.thucydides.core.steps.BaseStepListener - stepFinished: current outcome:User creation:When you create a user
| name | job |
| Victor | java | [Victor create user rest [Victor with post [Victor executes a POST on the resource /api/users [POST https://reqres.in/api/users]]]]
[Test worker] WARN net.thucydides.core.steps.BaseStepListener - stepFinished: current outcome:User creation:When you create a user
| name | job |
| Victor | java | [Victor create user rest [Victor with post [Victor executes a POST on the resource /api/users [POST https://reqres.in/api/users]]]]
[Test worker] WARN net.thucydides.core.steps.BaseStepListener - stepFinished: current outcome:User creation:When you create a user
| name | job |
| Victor | java | [Victor create user rest [Victor with post [Victor executes a POST on the resource /api/users [POST https://reqres.in/api/users]]]]
[Test worker] WARN net.thucydides.core.steps.BaseStepListener - stepStarted: net.thucydides.core.steps.ExecutedStepDescription@61b6f04c
[Test worker] WARN net.thucydides.core.steps.BaseStepListener - stepStarted: net.thucydides.core.steps.ExecutedStepDescription@42523cc7
[Test worker] WARN net.thucydides.core.steps.BaseStepListener - stepFinished: current outcome:User creation:When you create a user
| name | job |
| Victor | java | [Victor create user rest [Victor with post [Victor executes a POST on the resource /api/users [POST https://reqres.in/api/users]]]], Then I should see the user created [Then last response status code]
[Test worker] WARN net.thucydides.core.steps.BaseStepListener - stepFinished: current outcome:User creation:When you create a user
| name | job |
| Victor | java | [Victor create user rest [Victor with post [Victor executes a POST on the resource /api/users [POST https://reqres.in/api/users]]]], Then I should see the user created [Then last response status code]
[Test worker] WARN net.thucydides.core.steps.BaseStepListener - testFinished: User creation:When you create a user
| name | job |
| Victor | java | [Victor create user rest [Victor with post [Victor executes a POST on the resource /api/users [POST https://reqres.in/api/users]]]], Then I should see the user created [Then last response status code]
[Test worker] WARN net.thucydides.core.steps.BaseStepListener - TestOutcomes: [User creation:When you create a user
| name | job |
| Victor | java | [Victor create user rest [Victor with post [Victor executes a POST on the resource /api/users [POST https://reqres.in/api/users]]]], Then I should see the user created [Then last response status code]]
[Test worker] WARN net.thucydides.core.steps.BaseStepListener - Final testOutcomes: [User creation:When you create a user
| name | job |
| Victor | java | [Victor create user rest [Victor with post [Victor executes a POST on the resource /api/users [POST https://reqres.in/api/users]]]], Then I should see the user created [Then last response status code]]
[Test worker] INFO net.thucydides.core.steps.ConsoleLoggingListener - 
        __    _____ _____ ____ _____   ____   _    ____  ____  _____ ____  
  _     \ \  |_   _| ____/ ___|_   _| |  _ \ / \  / ___|/ ___|| ____|  _ \ 
 (_)_____| |   | | |  _| \___ \ | |   | |_) / _ \ \___ \\___ \|  _| | | | |
  _|_____| |   | | | |___ ___) || |   |  __/ ___ \ ___) |___) | |___| |_| |
 (_)     | |   |_| |_____|____/ |_|   |_| /_/   \_\____/|____/|_____|____/ 
        /_/                                                                

TEST PASSED: User creation
----------------------------------------------------------------------------
]]></system-err>
</testsuite>
